     1                                  section .data
     2 00000000 4164646974696F6E20-     	msg db "Addition is %d",10,0
     3 00000009 69732025640A00     
     4 00000010 410000003700000038-     	msg1 dd 65,55,56
     5 00000019 000000             
     6 0000001C 646A646B6A66640A00      	Temp db"djdkjfd",10,0
     7 00000025 0C000000000000000C-     	NumA dq 12,12,929
     8 0000002E 00000000000000A103-
     9 00000037 000000000000       
    10 0000003D 68656C6C6F00000000-     	NumB dt "hello"
    11 00000041 00                 
    12 00000047 0C0000000C000000A1-     	NumC dd 12,12,929
    13 00000050 030000             
    14                                  section .bss
    15 00000000 <res 00000004>          	four resd 1
    16 00000004 <res 00000002>          	two resw 1
    17 00000006 <res 00000001>          	one resb 1
    18                                  	
    19                                  section .text
    20                                  	global main
    21                                  	extern printf,scanf
    22 00000000 31C0                    	xor eax,eax
    23                                  	
    24 00000002 68[00000000]            main:	push four
    25 00000007 68[00000000]            	push four
    26                                  
    27 0000000C B820000000              mov:	mov eax,32
    28                                  
    29 00000011 88C0                    	mov al,al 		;reg8,reg8
    30                                  
    31 00000013 89C0                    	mov eax,eax		;reg32,reg32
    32                                  
    33                                  kk1:
    34 00000015 A0[06000000]            	mov al,byte[one]	;reg8,mem8
    35 0000001A 00C0                    	add al,al 		;reg8,reg8
    36 0000001C 6601C0                  	add ax,ax		;reg16,reg16
    37 0000001F 01C0                    	add eax,eax		;reg32,reg32
    38                                  
    39 00000021 8005[06000000]0A        	add byte[one],10	;mem8,imm8
    40 00000028 668305[04000000]0A      	add word[two],10	;mem16,imm16
    41 00000030 8305[00000000]0A        p223:	add dword[four],10	;mem32,imm32
    42                                  
    43                                  	
    44 00000037 2A05[06000000]          	sub al,byte[one]	;reg8,mem8
    45                                  
    46 0000003D B8[4F000000]            	mov eax,_abc
    47 00000042 B061                    	mov al, 'a'
    48 00000044 B814000000              l1:     mov eax, 20
    49 00000049 66B81400                	mov ax, 20		
    50 0000004D B014                    	mov al, 20
    51                                  
    52 0000004F C3                      _abc: 	ret					
    53                                  	
